(MainThread) 201212_20:38:33.926 ERROR wrapper.py:56 ERROR -1 2104 Market data farm connection is OK:hfarm
(MainThread) 201212_20:38:33.926 ERROR wrapper.py:56 ERROR -1 2104 Market data farm connection is OK:usfarm.nj
(MainThread) 201212_20:38:33.927 ERROR wrapper.py:56 ERROR -1 2104 Market data farm connection is OK:eufarm
(MainThread) 201212_20:38:33.927 ERROR wrapper.py:56 ERROR -1 2104 Market data farm connection is OK:usfuture
(MainThread) 201212_20:38:33.927 ERROR wrapper.py:56 ERROR -1 2104 Market data farm connection is OK:jfarm
(MainThread) 201212_20:38:33.928 ERROR wrapper.py:56 ERROR -1 2104 Market data farm connection is OK:cashfarm
(MainThread) 201212_20:38:33.928 ERROR wrapper.py:56 ERROR -1 2104 Market data farm connection is OK:usopt
(MainThread) 201212_20:38:33.929 ERROR wrapper.py:56 ERROR -1 2104 Market data farm connection is OK:usfarm
(MainThread) 201212_20:38:33.929 ERROR wrapper.py:56 ERROR -1 2106 HMDS data farm connection is OK:euhmds
(MainThread) 201212_20:38:33.929 ERROR wrapper.py:56 ERROR -1 2106 HMDS data farm connection is OK:fundfarm
(MainThread) 201212_20:38:33.929 ERROR wrapper.py:56 ERROR -1 2106 HMDS data farm connection is OK:ushmds
(MainThread) 201212_20:38:33.930 ERROR wrapper.py:56 ERROR -1 2158 Sec-def data farm connection is OK:secdefnj
(MainThread) 201212_20:40:26.162 ERROR wrapper.py:56 ERROR -1 2108 Market data farm connection is inactive but should be available upon demand.hfarm
(MainThread) 201212_20:40:26.164 ERROR wrapper.py:56 ERROR -1 2108 Market data farm connection is inactive but should be available upon demand.eufarm
(MainThread) 201212_20:40:26.169 ERROR wrapper.py:56 ERROR -1 2108 Market data farm connection is inactive but should be available upon demand.eufarm
(MainThread) 201212_20:40:26.172 ERROR wrapper.py:56 ERROR -1 2108 Market data farm connection is inactive but should be available upon demand.usfuture
(MainThread) 201212_20:40:26.173 ERROR wrapper.py:56 ERROR -1 2108 Market data farm connection is inactive but should be available upon demand.usfuture
(MainThread) 201212_20:40:26.173 ERROR wrapper.py:56 ERROR -1 2108 Market data farm connection is inactive but should be available upon demand.hfarm
(MainThread) 201212_20:40:26.174 ERROR wrapper.py:56 ERROR -1 2108 Market data farm connection is inactive but should be available upon demand.jfarm
(MainThread) 201212_20:40:26.175 ERROR wrapper.py:56 ERROR -1 2108 Market data farm connection is inactive but should be available upon demand.jfarm
